<?xml version="1.0" encoding="UTF-8"?>
<!-- Generated by org.testng.reporters.JUnitReportReporter -->
<testsuite hostname="LAPTOP-C1S9VL17" failures="0" tests="1" name="in.myntrashopping.testCases.TC_Essentials_001" time="5.893" errors="0" timestamp="2020-06-22T17:50:51 IST" skipped="0">
  <testcase classname="in.myntrashopping.testCases.TC_Essentials_001" name="Essentials" time="5.893"/>
  <system-out/>
</testsuite> <!-- in.myntrashopping.testCases.TC_Essentials_001 -->
