<?xml version="1.0" encoding="UTF-8"?>
<!-- Generated by org.testng.reporters.JUnitReportReporter -->
<testsuite hostname="LAPTOP-C1S9VL17" failures="0" tests="1" name="in.myntrashopping.testCases.TC_MensItems_TopWear_010" time="70.545" errors="0" timestamp="2020-09-06T17:48:32 IST" skipped="0">
  <testcase classname="in.myntrashopping.testCases.TC_MensItems_TopWear_010" name="MensItems_TopWear" time="70.545"/>
  <system-out/>
</testsuite> <!-- in.myntrashopping.testCases.TC_MensItems_TopWear_010 -->
