<?xml version="1.0" encoding="UTF-8"?>
<!-- Generated by org.testng.reporters.JUnitReportReporter -->
<testsuite hostname="LAPTOP-C1S9VL17" failures="0" tests="1" name="in.myntrashopping.testCases.EthnicWearForMen_011" time="6.965" errors="0" timestamp="2020-09-06T18:14:03 IST" skipped="0">
  <testcase classname="in.myntrashopping.testCases.EthnicWearForMen_011" name="EthnicWearForMen" time="6.965"/>
  <system-out/>
</testsuite> <!-- in.myntrashopping.testCases.EthnicWearForMen_011 -->
